[2024-12-31T10:03:03.469Z] GET /
[2024-12-31T10:03:09.501Z] GET /
[2024-12-31T10:03:45.231Z] GET /login
[2024-12-31T10:03:45.259Z] GET /css/styles.css
[2024-12-31T10:04:05.861Z] POST /login
[2024-12-31T10:04:05.957Z] GET /dashboard?company=SVG%20Hamburg%20eG&department=Arbeitssicherheit
[2024-12-31T10:04:05.983Z] GET /css/styles.css
[2024-12-31T10:04:52.338Z] GET /companies/
[2024-12-31T10:05:23.189Z] GET /companies/add
[2024-12-31T10:05:23.217Z] GET /css/styles.css
[2024-12-31T10:05:51.293Z] POST /companies/add
[2024-12-31T10:05:51.377Z] GET /dashboard
[2024-12-31T10:05:51.379Z] GET /login
[2024-12-31T10:05:51.400Z] GET /css/styles.css
[2024-12-31T10:25:47.534Z] POST /login
[2024-12-31T10:25:47.653Z] GET /css/styles.css
[2024-12-31T10:26:49.919Z] POST /login
[2024-12-31T10:26:50.023Z] GET /css/styles.css
[2024-12-31T10:28:55.750Z] POST /login
[2024-12-31T10:28:55.927Z] GET /css/styles.css
[2024-12-31T10:31:16.091Z] POST /login
[2024-12-31T10:31:16.259Z] GET /css/styles.css
[2024-12-31T10:32:29.363Z] POST /login
[2024-12-31T10:32:29.438Z] GET /dashboard?company=Umbrella%20City%20Lines&department=Linienbus
[2024-12-31T10:32:29.464Z] GET /css/styles.css
[2024-12-31T10:34:55.084Z] GET /companies/add
[2024-12-31T10:34:55.120Z] GET /css/styles.css
[2024-12-31T10:35:43.845Z] POST /companies/add
[2024-12-31T10:35:43.929Z] GET /dashboard
[2024-12-31T10:35:43.931Z] GET /login
[2024-12-31T10:35:43.951Z] GET /css/styles.css
[2024-12-31T12:13:58.020Z] GET /login
[2024-12-31T12:13:58.050Z] GET /css/styles.css
[2024-12-31T12:14:21.509Z] POST /login
[2024-12-31T12:14:21.583Z] GET /dashboard
[2024-12-31T12:14:21.613Z] GET /companies/all
[2024-12-31T12:44:19.673Z] GET /dashboard
[2024-12-31T12:44:19.686Z] GET /login
[2024-12-31T12:44:19.705Z] GET /css/styles.css
[2024-12-31T12:44:55.938Z] POST /login
[2024-12-31T12:44:56.040Z] GET /dashboard
[2024-12-31T12:44:56.073Z] GET /companies/all
